Not searching for unused variables given on the command line.
[36m--[0m The C compiler identification is GNU 7.5.0
[36m--[0m The CXX compiler identification is GNU 7.5.0
[36m--[0m Check for working C compiler: /usr/bin/cc
[36m--[0m Check for working C compiler: /usr/bin/cc -- works
[36m--[0m Detecting C compiler ABI info
[36m--[0m Detecting C compiler ABI info - done
[36m--[0m Detecting C compile features
[36m--[0m Detecting C compile features - done
[36m--[0m Check for working CXX compiler: /usr/bin/c++
[36m--[0m Check for working CXX compiler: /usr/bin/c++ -- works
[36m--[0m Detecting CXX compiler ABI info
[36m--[0m Detecting CXX compiler ABI info - done
[36m--[0m Detecting CXX compile features
[36m--[0m Detecting CXX compile features - done
[36m--[0m Darknet path dir = DARKNET_PATH-NOTFOUND
[36m--[0m Looking for pthread.h
[36m--[0m Looking for pthread.h - found
[36m--[0m Looking for pthread_create
[36m--[0m Looking for pthread_create - not found
[36m--[0m Looking for pthread_create in pthreads
[36m--[0m Looking for pthread_create in pthreads - not found
[36m--[0m Looking for pthread_create in pthread
[36m--[0m Looking for pthread_create in pthread - found
[36m--[0m Found Threads: TRUE
[36m--[0m Found CUDA: /usr/local/cuda (found version "10.0")
[36m--[0m CUDA Version:
[36m--[0m CUDA Libararies: /usr/local/cuda/lib64/libcudart_static.a;-lpthread;dl;/usr/lib/aarch64-linux-gnu/librt.so
[36m--[0m Searching for X11...
[36m--[0m Looking for XOpenDisplay in /usr/lib/aarch64-linux-gnu/libX11.so;/usr/lib/aarch64-linux-gnu/libXext.so
[36m--[0m Looking for XOpenDisplay in /usr/lib/aarch64-linux-gnu/libX11.so;/usr/lib/aarch64-linux-gnu/libXext.so - found
[36m--[0m Looking for gethostbyname
[36m--[0m Looking for gethostbyname - found
[36m--[0m Looking for connect
[36m--[0m Looking for connect - found
[36m--[0m Looking for remove
[36m--[0m Looking for remove - found
[36m--[0m Looking for shmat
[36m--[0m Looking for shmat - found
[36m--[0m Looking for IceConnectionNumber in ICE
[36m--[0m Looking for IceConnectionNumber in ICE - found
[36m--[0m Found X11: /usr/lib/aarch64-linux-gnu/libX11.so
[36m--[0m  X11_INCLUDE_DIR: /usr/include
[36m--[0m  X11_LIBRARIES: /usr/lib/aarch64-linux-gnu/libSM.so/usr/lib/aarch64-linux-gnu/libICE.so/usr/lib/aarch64-linux-gnu/libX11.so/usr/lib/aarch64-linux-gnu/libXext.so
[36m--[0m Boost version: 1.65.1
[36m--[0m Found the following Boost libraries:
[36m--[0m   thread
[36m--[0m   chrono
[36m--[0m   system
[36m--[0m   date_time
[36m--[0m   atomic
[36m--[0m Found OpenCV: /home/ucar/miniforge3/envs/lby_ucar (found version "4.5.3")
[36m--[0m Using CATKIN_DEVEL_PREFIX: /home/ucar/lby_ws/devel/.private/darknet_ros
[36m--[0m Using CMAKE_PREFIX_PATH: /home/ucar/lby_ws/devel;/home/ucar/ucar_ws/devel;/opt/ros/melodic
[36m--[0m This workspace overlays: /home/ucar/lby_ws/devel;/home/ucar/ucar_ws/devel;/opt/ros/melodic
[36m--[0m Found PythonInterp: /usr/bin/python2 (found suitable version "2.7.15", minimum required is "2")
[36m--[0m Using PYTHON_EXECUTABLE: /usr/bin/python2
[36m--[0m Using Debian Python package layout
[36m--[0m Using empy: /usr/bin/empy
[36m--[0m Using CATKIN_ENABLE_TESTING: ON
[36m--[0m Call enable_testing()
[36m--[0m Using CATKIN_TEST_RESULTS_DIR: /home/ucar/lby_ws/build/darknet_ros/test_results
[36m--[0m Found gtest sources under '/usr/src/googletest': gtests will be built
[36m--[0m Found gmock sources under '/usr/src/googletest': gmock will be built
[36m--[0m Found PythonInterp: /usr/bin/python2 (found version "2.7.15")
[36m--[0m Using Python nosetests: /usr/bin/nosetests-2.7
[36m--[0m catkin 0.7.29
[36m--[0m BUILD_SHARED_LIBS is on
[36m--[0m Using these message generators: gencpp;geneus;genlisp;gennodejs;genpy
[36m--[0m Checking and downloading yolov2-tiny.weights if needed ...
[36m--[0m Checking and downloading yolov3.weights if needed ...
[36m--[0m Checking and downloading yolov2.weights if needed ...
[36m--[0m Configuring done
[31m[1mCMake Error[0m at /usr/share/cmake-3.10/Modules/FindCUDA.cmake:1801 (add_library):
  Cannot find source file:

    DARKNET_PATH-NOTFOUND/src/activation_layer.c

  Tried extensions .c .C .c++ .cc .cpp .cxx .m .M .mm .h .hh .h++ .hm .hpp
  .hxx .in .txx
[36mCall Stack (most recent call first):[0m
  CMakeLists.txt:148 (cuda_add_library)


[33m[1mCMake Warning[0m at /usr/share/cmake-3.10/Modules/FindCUDA.cmake:1801 (add_library):
  Cannot generate a safe runtime search path for target darknet_ros_nodelet
  because files in some directories may conflict with libraries in implicit
  directories:

    runtime library [libSM.so.6] in /usr/lib/aarch64-linux-gnu may be hidden by files in:
      /home/ucar/miniforge3/envs/lby_ucar/lib
    runtime library [libICE.so.6] in /usr/lib/aarch64-linux-gnu may be hidden by files in:
      /home/ucar/miniforge3/envs/lby_ucar/lib
    runtime library [libX11.so.6] in /usr/lib/aarch64-linux-gnu may be hidden by files in:
      /home/ucar/miniforge3/envs/lby_ucar/lib
    runtime library [libXext.so.6] in /usr/lib/aarch64-linux-gnu may be hidden by files in:
      /home/ucar/miniforge3/envs/lby_ucar/lib
    runtime library [libuuid.so.1] in /usr/lib/aarch64-linux-gnu may be hidden by files in:
      /home/ucar/miniforge3/envs/lby_ucar/lib

  Some of these libraries may not be found correctly.
[36mCall Stack (most recent call first):[0m
  CMakeLists.txt:164 (cuda_add_library)


[33m[1mCMake Warning[0m at /usr/share/cmake-3.10/Modules/FindCUDA.cmake:1851 (add_executable):
  Cannot generate a safe runtime search path for target darknet_ros because
  files in some directories may conflict with libraries in implicit
  directories:

    runtime library [libSM.so.6] in /usr/lib/aarch64-linux-gnu may be hidden by files in:
      /home/ucar/miniforge3/envs/lby_ucar/lib
    runtime library [libICE.so.6] in /usr/lib/aarch64-linux-gnu may be hidden by files in:
      /home/ucar/miniforge3/envs/lby_ucar/lib
    runtime library [libX11.so.6] in /usr/lib/aarch64-linux-gnu may be hidden by files in:
      /home/ucar/miniforge3/envs/lby_ucar/lib
    runtime library [libXext.so.6] in /usr/lib/aarch64-linux-gnu may be hidden by files in:
      /home/ucar/miniforge3/envs/lby_ucar/lib
    runtime library [libuuid.so.1] in /usr/lib/aarch64-linux-gnu may be hidden by files in:
      /home/ucar/miniforge3/envs/lby_ucar/lib

  Some of these libraries may not be found correctly.
[36mCall Stack (most recent call first):[0m
  CMakeLists.txt:160 (cuda_add_executable)


[33m[1mCMake Warning[0m at /usr/share/cmake-3.10/Modules/FindCUDA.cmake:1801 (add_library):
  Cannot generate a safe runtime search path for target darknet_ros_lib
  because files in some directories may conflict with libraries in implicit
  directories:

    runtime library [libSM.so.6] in /usr/lib/aarch64-linux-gnu may be hidden by files in:
      /home/ucar/miniforge3/envs/lby_ucar/lib
    runtime library [libICE.so.6] in /usr/lib/aarch64-linux-gnu may be hidden by files in:
      /home/ucar/miniforge3/envs/lby_ucar/lib
    runtime library [libX11.so.6] in /usr/lib/aarch64-linux-gnu may be hidden by files in:
      /home/ucar/miniforge3/envs/lby_ucar/lib
    runtime library [libXext.so.6] in /usr/lib/aarch64-linux-gnu may be hidden by files in:
      /home/ucar/miniforge3/envs/lby_ucar/lib
    runtime library [libuuid.so.1] in /usr/lib/aarch64-linux-gnu may be hidden by files in:
      /home/ucar/miniforge3/envs/lby_ucar/lib

  Some of these libraries may not be found correctly.
[36mCall Stack (most recent call first):[0m
  CMakeLists.txt:148 (cuda_add_library)


[36m--[0m Generating done
[36m--[0m Build files have been written to: /home/ucar/lby_ws/build/darknet_ros
